  texturedPolygons.cpp
texturedPolygons.cpp(40): warning C4996: 'fopen': This function or variable may be unsafe. Consider using fopen_s instead. To disable deprecation, use _CRT_SECURE_NO_WARNINGS. See online help for details.
  C:\Program Files (x86)\Windows Kits\10\Include\10.0.10240.0\ucrt\stdio.h(205): note: see declaration of 'fopen'
texturedPolygons.cpp(136): warning C4244: 'argument': conversion from 'const GLdouble' to 'GLfloat', possible loss of data
texturedPolygons.cpp(137): warning C4244: 'argument': conversion from 'const GLdouble' to 'GLfloat', possible loss of data
texturedPolygons.cpp(138): warning C4244: 'argument': conversion from 'GLdouble' to 'GLfloat', possible loss of data
texturedPolygons.cpp(138): warning C4244: 'argument': conversion from 'const GLdouble' to 'GLfloat', possible loss of data
texturedPolygons.cpp(139): warning C4244: 'argument': conversion from 'const GLdouble' to 'GLfloat', possible loss of data
texturedPolygons.cpp(140): warning C4244: 'argument': conversion from 'GLdouble' to 'GLfloat', possible loss of data
texturedPolygons.cpp(140): warning C4244: 'argument': conversion from 'const GLdouble' to 'GLfloat', possible loss of data
texturedPolygons.cpp(141): warning C4244: 'argument': conversion from 'const GLdouble' to 'GLfloat', possible loss of data
texturedPolygons.cpp(142): warning C4244: 'argument': conversion from 'const GLdouble' to 'GLfloat', possible loss of data
texturedPolygons.cpp(142): warning C4244: 'argument': conversion from 'GLdouble' to 'GLfloat', possible loss of data
texturedPolygons.cpp(161): warning C4244: 'argument': conversion from 'GLdouble' to 'GLfloat', possible loss of data
texturedPolygons.cpp(162): warning C4244: 'argument': conversion from 'const GLdouble' to 'GLfloat', possible loss of data
texturedPolygons.cpp(163): warning C4244: 'argument': conversion from 'const GLdouble' to 'GLfloat', possible loss of data
texturedPolygons.cpp(163): warning C4244: 'argument': conversion from 'GLdouble' to 'GLfloat', possible loss of data
texturedPolygons.cpp(164): warning C4244: 'argument': conversion from 'const GLdouble' to 'GLfloat', possible loss of data
texturedPolygons.cpp(164): warning C4244: 'argument': conversion from 'GLdouble' to 'GLfloat', possible loss of data
texturedPolygons.cpp(165): warning C4244: 'argument': conversion from 'const GLdouble' to 'GLfloat', possible loss of data
texturedPolygons.cpp(165): warning C4244: 'argument': conversion from 'GLdouble' to 'GLfloat', possible loss of data
texturedPolygons.cpp(166): warning C4244: 'argument': conversion from 'const GLdouble' to 'GLfloat', possible loss of data
texturedPolygons.cpp(166): warning C4244: 'argument': conversion from 'GLdouble' to 'GLfloat', possible loss of data
texturedPolygons.cpp(167): warning C4244: 'argument': conversion from 'GLdouble' to 'GLfloat', possible loss of data
texturedPolygons.cpp(168): warning C4244: 'argument': conversion from 'const GLdouble' to 'GLfloat', possible loss of data
texturedPolygons.cpp(168): warning C4244: 'argument': conversion from 'GLdouble' to 'GLfloat', possible loss of data
texturedPolygons.cpp(187): warning C4244: 'argument': conversion from 'GLdouble' to 'GLfloat', possible loss of data
texturedPolygons.cpp(188): warning C4244: 'argument': conversion from 'const GLdouble' to 'GLfloat', possible loss of data
texturedPolygons.cpp(189): warning C4244: 'argument': conversion from 'GLdouble' to 'GLfloat', possible loss of data
texturedPolygons.cpp(190): warning C4244: 'argument': conversion from 'GLdouble' to 'GLfloat', possible loss of data
texturedPolygons.cpp(190): warning C4244: 'argument': conversion from 'const GLdouble' to 'GLfloat', possible loss of data
texturedPolygons.cpp(191): warning C4244: 'argument': conversion from 'GLdouble' to 'GLfloat', possible loss of data
texturedPolygons.cpp(191): warning C4244: 'argument': conversion from 'const GLdouble' to 'GLfloat', possible loss of data
texturedPolygons.cpp(192): warning C4244: 'argument': conversion from 'GLdouble' to 'GLfloat', possible loss of data
texturedPolygons.cpp(192): warning C4244: 'argument': conversion from 'const GLdouble' to 'GLfloat', possible loss of data
texturedPolygons.cpp(193): warning C4244: 'argument': conversion from 'GLdouble' to 'GLfloat', possible loss of data
texturedPolygons.cpp(193): warning C4244: 'argument': conversion from 'const GLdouble' to 'GLfloat', possible loss of data
texturedPolygons.cpp(194): warning C4244: 'argument': conversion from 'const GLdouble' to 'GLfloat', possible loss of data
texturedPolygons.cpp(194): warning C4244: 'argument': conversion from 'GLdouble' to 'GLfloat', possible loss of data
texturedPolygons.cpp(211): warning C4244: 'argument': conversion from 'const GLdouble' to 'GLfloat', possible loss of data
texturedPolygons.cpp(212): warning C4244: 'argument': conversion from 'const GLdouble' to 'GLfloat', possible loss of data
texturedPolygons.cpp(214): warning C4244: 'argument': conversion from 'GLdouble' to 'GLfloat', possible loss of data
texturedPolygons.cpp(214): warning C4244: 'argument': conversion from 'const GLdouble' to 'GLfloat', possible loss of data
texturedPolygons.cpp(215): warning C4244: 'argument': conversion from 'const GLdouble' to 'GLfloat', possible loss of data
texturedPolygons.cpp(216): warning C4244: 'argument': conversion from 'GLdouble' to 'GLfloat', possible loss of data
texturedPolygons.cpp(216): warning C4244: 'argument': conversion from 'const GLdouble' to 'GLfloat', possible loss of data
texturedPolygons.cpp(217): warning C4244: 'argument': conversion from 'const GLdouble' to 'GLfloat', possible loss of data
texturedPolygons.cpp(218): warning C4244: 'argument': conversion from 'const GLdouble' to 'GLfloat', possible loss of data
texturedPolygons.cpp(218): warning C4244: 'argument': conversion from 'GLdouble' to 'GLfloat', possible loss of data
texturedPolygons.cpp(233): warning C4244: 'argument': conversion from 'const GLdouble' to 'GLfloat', possible loss of data
texturedPolygons.cpp(234): warning C4244: 'argument': conversion from 'const GLdouble' to 'GLfloat', possible loss of data
texturedPolygons.cpp(235): warning C4244: 'argument': conversion from 'const GLdouble' to 'GLfloat', possible loss of data
texturedPolygons.cpp(235): warning C4244: 'argument': conversion from 'GLdouble' to 'GLfloat', possible loss of data
texturedPolygons.cpp(236): warning C4244: 'argument': conversion from 'const GLdouble' to 'GLfloat', possible loss of data
texturedPolygons.cpp(237): warning C4244: 'argument': conversion from 'const GLdouble' to 'GLfloat', possible loss of data
texturedPolygons.cpp(237): warning C4244: 'argument': conversion from 'GLdouble' to 'GLfloat', possible loss of data
texturedPolygons.cpp(238): warning C4244: 'argument': conversion from 'const GLdouble' to 'GLfloat', possible loss of data
texturedPolygons.cpp(239): warning C4244: 'argument': conversion from 'const GLdouble' to 'GLfloat', possible loss of data
texturedPolygons.cpp(239): warning C4244: 'argument': conversion from 'GLdouble' to 'GLfloat', possible loss of data
texturedPolygons.cpp(354): warning C4244: 'argument': conversion from 'GLdouble' to 'GLfloat', possible loss of data
texturedPolygons.cpp(355): warning C4244: 'argument': conversion from 'const GLdouble' to 'GLfloat', possible loss of data
texturedPolygons.cpp(356): warning C4244: 'argument': conversion from 'GLdouble' to 'GLfloat', possible loss of data
texturedPolygons.cpp(357): warning C4244: 'argument': conversion from 'const GLdouble' to 'GLfloat', possible loss of data
texturedPolygons.cpp(358): warning C4244: 'argument': conversion from 'GLdouble' to 'GLfloat', possible loss of data
texturedPolygons.cpp(359): warning C4244: 'argument': conversion from 'const GLdouble' to 'GLfloat', possible loss of data
texturedPolygons.cpp(360): warning C4244: 'argument': conversion from 'GLdouble' to 'GLfloat', possible loss of data
texturedPolygons.cpp(361): warning C4244: 'argument': conversion from 'const GLdouble' to 'GLfloat', possible loss of data
  SoundTime.cpp
  Sound.cpp
  PlainNode.cpp
  PlainLinkedList.cpp
  main.cpp
main.cpp(441): warning C4305: 'argument': truncation from 'double' to 'GLclampf'
main.cpp(726): warning C4244: 'argument': conversion from 'double' to 'int', possible loss of data
main.cpp(732): warning C4244: 'argument': conversion from 'double' to 'int', possible loss of data
main.cpp(742): warning C4244: 'argument': conversion from 'double' to 'int', possible loss of data
main.cpp(747): warning C4244: 'argument': conversion from 'double' to 'int', possible loss of data
main.cpp(1647): warning C4244: 'argument': conversion from 'GLdouble' to 'GLfloat', possible loss of data
main.cpp(1673): warning C4244: 'argument': conversion from 'GLdouble' to 'GLfloat', possible loss of data
main.cpp(1690): warning C4244: 'argument': conversion from 'GLdouble' to 'GLfloat', possible loss of data
main.cpp(1929): warning C4305: 'argument': truncation from 'double' to 'GLfloat'
main.cpp(2017): warning C4244: 'argument': conversion from 'GLdouble' to 'GLfloat', possible loss of data
main.cpp(2029): warning C4244: 'argument': conversion from 'GLdouble' to 'GLfloat', possible loss of data
main.cpp(2095): warning C4305: 'argument': truncation from 'double' to 'GLfloat'
main.cpp(2096): warning C4305: 'argument': truncation from 'double' to 'GLfloat'
main.cpp(2097): warning C4305: 'argument': truncation from 'double' to 'GLfloat'
main.cpp(2098): warning C4305: 'argument': truncation from 'double' to 'GLfloat'
main.cpp(2099): warning C4305: 'argument': truncation from 'double' to 'GLfloat'
main.cpp(2101): warning C4305: 'argument': truncation from 'double' to 'GLfloat'
main.cpp(2108): warning C4305: 'argument': truncation from 'double' to 'GLfloat'
main.cpp(2109): warning C4305: 'argument': truncation from 'double' to 'GLfloat'
main.cpp(2110): warning C4305: 'argument': truncation from 'double' to 'GLfloat'
main.cpp(2111): warning C4305: 'argument': truncation from 'double' to 'GLfloat'
main.cpp(2112): warning C4305: 'argument': truncation from 'double' to 'GLfloat'
main.cpp(2114): warning C4305: 'argument': truncation from 'double' to 'GLfloat'
main.cpp(2122): warning C4305: 'argument': truncation from 'double' to 'GLfloat'
main.cpp(2123): warning C4305: 'argument': truncation from 'double' to 'GLfloat'
main.cpp(2124): warning C4305: 'argument': truncation from 'double' to 'GLfloat'
main.cpp(2125): warning C4305: 'argument': truncation from 'double' to 'GLfloat'
main.cpp(2126): warning C4305: 'argument': truncation from 'double' to 'GLfloat'
main.cpp(2128): warning C4305: 'argument': truncation from 'double' to 'GLfloat'
main.cpp(2195): warning C4244: 'argument': conversion from 'GLdouble' to 'GLfloat', possible loss of data
main.cpp(2199): warning C4244: 'argument': conversion from 'GLdouble' to 'GLfloat', possible loss of data
main.cpp(2280): warning C4244: 'argument': conversion from 'GLdouble' to 'GLfloat', possible loss of data
main.cpp(2285): warning C4244: 'argument': conversion from 'GLdouble' to 'GLfloat', possible loss of data
main.cpp(2289): warning C4244: 'argument': conversion from 'GLdouble' to 'GLfloat', possible loss of data
main.cpp(2295): warning C4244: 'argument': conversion from 'GLdouble' to 'GLfloat', possible loss of data
main.cpp(2299): warning C4244: 'argument': conversion from 'GLdouble' to 'GLfloat', possible loss of data
main.cpp(2306): warning C4244: 'argument': conversion from 'GLdouble' to 'GLfloat', possible loss of data
main.cpp(2310): warning C4244: 'argument': conversion from 'GLdouble' to 'GLfloat', possible loss of data
main.cpp(2316): warning C4244: 'argument': conversion from 'GLdouble' to 'GLfloat', possible loss of data
main.cpp(2333): warning C4244: 'argument': conversion from 'GLdouble' to 'GLfloat', possible loss of data
main.cpp(2337): warning C4244: 'argument': conversion from 'GLdouble' to 'GLfloat', possible loss of data
main.cpp(2343): warning C4244: 'argument': conversion from 'GLdouble' to 'GLfloat', possible loss of data
main.cpp(2347): warning C4244: 'argument': conversion from 'GLdouble' to 'GLfloat', possible loss of data
main.cpp(2388): warning C4244: 'argument': conversion from 'GLdouble' to 'GLfloat', possible loss of data
main.cpp(2395): warning C4244: 'argument': conversion from 'GLdouble' to 'GLfloat', possible loss of data
main.cpp(2406): warning C4244: 'argument': conversion from 'GLdouble' to 'GLfloat', possible loss of data
main.cpp(2413): warning C4244: 'argument': conversion from 'GLdouble' to 'GLfloat', possible loss of data
main.cpp(2436): warning C4244: 'argument': conversion from 'GLdouble' to 'GLfloat', possible loss of data
main.cpp(2450): warning C4244: 'argument': conversion from 'GLdouble' to 'GLfloat', possible loss of data
main.cpp(2470): warning C4244: 'argument': conversion from 'GLdouble' to 'GLfloat', possible loss of data
main.cpp(2508): warning C4305: 'argument': truncation from 'double' to 'GLfloat'
main.cpp(2509): warning C4305: 'argument': truncation from 'double' to 'GLfloat'
main.cpp(2510): warning C4305: 'argument': truncation from 'double' to 'GLfloat'
main.cpp(2511): warning C4305: 'argument': truncation from 'double' to 'GLfloat'
main.cpp(2561): warning C4244: 'argument': conversion from 'GLdouble' to 'GLfloat', possible loss of data
main.cpp(2569): warning C4244: 'argument': conversion from 'GLdouble' to 'GLfloat', possible loss of data
main.cpp(2576): warning C4244: 'argument': conversion from 'GLdouble' to 'GLfloat', possible loss of data
main.cpp(2589): warning C4244: 'argument': conversion from 'GLdouble' to 'GLfloat', possible loss of data
main.cpp(2597): warning C4244: 'argument': conversion from 'GLdouble' to 'GLfloat', possible loss of data
main.cpp(2663): warning C4305: 'argument': truncation from 'double' to 'GLfloat'
main.cpp(2664): warning C4305: 'argument': truncation from 'double' to 'GLfloat'
main.cpp(2665): warning C4305: 'argument': truncation from 'double' to 'GLfloat'
main.cpp(2666): warning C4305: 'argument': truncation from 'double' to 'GLfloat'
main.cpp(2675): warning C4305: 'argument': truncation from 'double' to 'GLfloat'
main.cpp(2676): warning C4305: 'argument': truncation from 'double' to 'GLfloat'
main.cpp(2677): warning C4305: 'argument': truncation from 'double' to 'GLfloat'
main.cpp(2678): warning C4305: 'argument': truncation from 'double' to 'GLfloat'
main.cpp(2969): warning C4244: 'argument': conversion from 'GLdouble' to 'GLfloat', possible loss of data
main.cpp(3171): warning C4244: 'argument': conversion from 'GLdouble' to 'GLfloat', possible loss of data
main.cpp(3186): warning C4244: 'argument': conversion from 'GLdouble' to 'GLfloat', possible loss of data
main.cpp(3202): warning C4244: 'argument': conversion from 'GLdouble' to 'GLfloat', possible loss of data
main.cpp(3222): warning C4244: 'argument': conversion from 'GLdouble' to 'GLfloat', possible loss of data
main.cpp(3245): warning C4244: 'argument': conversion from 'GLdouble' to 'GLfloat', possible loss of data
main.cpp(3249): warning C4244: 'argument': conversion from 'GLdouble' to 'GLfloat', possible loss of data
main.cpp(3268): warning C4244: 'argument': conversion from 'GLdouble' to 'GLfloat', possible loss of data
main.cpp(3272): warning C4244: 'argument': conversion from 'GLdouble' to 'GLfloat', possible loss of data
main.cpp(3292): warning C4244: 'argument': conversion from 'GLdouble' to 'GLfloat', possible loss of data
main.cpp(3296): warning C4244: 'argument': conversion from 'GLdouble' to 'GLfloat', possible loss of data
main.cpp(3316): warning C4244: 'argument': conversion from 'GLdouble' to 'GLfloat', possible loss of data
main.cpp(3320): warning C4244: 'argument': conversion from 'GLdouble' to 'GLfloat', possible loss of data
main.cpp(3381): warning C4305: 'argument': truncation from 'double' to 'GLfloat'
main.cpp(3382): warning C4305: 'argument': truncation from 'double' to 'GLfloat'
main.cpp(3383): warning C4305: 'argument': truncation from 'double' to 'GLfloat'
main.cpp(3384): warning C4305: 'argument': truncation from 'double' to 'GLfloat'
main.cpp(3386): warning C4305: 'argument': truncation from 'double' to 'GLfloat'
main.cpp(3393): warning C4305: 'argument': truncation from 'double' to 'GLfloat'
main.cpp(3394): warning C4305: 'argument': truncation from 'double' to 'GLfloat'
main.cpp(3395): warning C4305: 'argument': truncation from 'double' to 'GLfloat'
main.cpp(3396): warning C4305: 'argument': truncation from 'double' to 'GLfloat'
main.cpp(3397): warning C4305: 'argument': truncation from 'double' to 'GLfloat'
main.cpp(3406): warning C4305: 'argument': truncation from 'double' to 'GLfloat'
main.cpp(3408): warning C4305: 'argument': truncation from 'double' to 'GLfloat'
main.cpp(3409): warning C4305: 'argument': truncation from 'double' to 'GLfloat'
main.cpp(3410): warning C4305: 'argument': truncation from 'double' to 'GLfloat'
main.cpp(3411): warning C4305: 'argument': truncation from 'double' to 'GLfloat'
main.cpp(3412): warning C4305: 'argument': truncation from 'double' to 'GLfloat'
main.cpp(3420): warning C4305: 'argument': truncation from 'double' to 'GLfloat'
main.cpp(3421): warning C4305: 'argument': truncation from 'double' to 'GLfloat'
main.cpp(3422): warning C4305: 'argument': truncation from 'double' to 'GLfloat'
main.cpp(3423): warning C4305: 'argument': truncation from 'double' to 'GLfloat'
main.cpp(3424): warning C4305: 'argument': truncation from 'double' to 'GLfloat'
main.cpp(3425): warning C4305: 'argument': truncation from 'double' to 'GLfloat'
main.cpp(3435): warning C4305: 'argument': truncation from 'double' to 'GLfloat'
main.cpp(3436): warning C4305: 'argument': truncation from 'double' to 'GLfloat'
main.cpp(3437): warning C4305: 'argument': truncation from 'double' to 'GLfloat'
main.cpp(3438): warning C4305: 'argument': truncation from 'double' to 'GLfloat'
main.cpp(3448): warning C4305: 'argument': truncation from 'double' to 'GLfloat'
main.cpp(3449): warning C4305: 'argument': truncation from 'double' to 'GLfloat'
main.cpp(3450): warning C4305: 'argument': truncation from 'double' to 'GLfloat'
main.cpp(3451): warning C4305: 'argument': truncation from 'double' to 'GLfloat'
main.cpp(3459): warning C4305: 'argument': truncation from 'double' to 'GLfloat'
main.cpp(3460): warning C4305: 'argument': truncation from 'double' to 'GLfloat'
main.cpp(3461): warning C4305: 'argument': truncation from 'double' to 'GLfloat'
main.cpp(3462): warning C4305: 'argument': truncation from 'double' to 'GLfloat'
main.cpp(3463): warning C4305: 'argument': truncation from 'double' to 'GLfloat'
main.cpp(3464): warning C4305: 'argument': truncation from 'double' to 'GLfloat'
main.cpp(3474): warning C4305: 'argument': truncation from 'double' to 'GLfloat'
main.cpp(3475): warning C4305: 'argument': truncation from 'double' to 'GLfloat'
main.cpp(3476): warning C4305: 'argument': truncation from 'double' to 'GLfloat'
main.cpp(3477): warning C4305: 'argument': truncation from 'double' to 'GLfloat'
main.cpp(3487): warning C4305: 'argument': truncation from 'double' to 'GLfloat'
main.cpp(3488): warning C4305: 'argument': truncation from 'double' to 'GLfloat'
main.cpp(3489): warning C4305: 'argument': truncation from 'double' to 'GLfloat'
main.cpp(3490): warning C4305: 'argument': truncation from 'double' to 'GLfloat'
main.cpp(3497): warning C4305: 'argument': truncation from 'double' to 'GLfloat'
main.cpp(3498): warning C4305: 'argument': truncation from 'double' to 'GLfloat'
main.cpp(3499): warning C4305: 'argument': truncation from 'double' to 'GLfloat'
main.cpp(3500): warning C4305: 'argument': truncation from 'double' to 'GLfloat'
main.cpp(3501): warning C4305: 'argument': truncation from 'double' to 'GLfloat'
main.cpp(3502): warning C4305: 'argument': truncation from 'double' to 'GLfloat'
main.cpp(3503): warning C4305: 'argument': truncation from 'double' to 'GLfloat'
main.cpp(3510): warning C4305: 'argument': truncation from 'double' to 'GLfloat'
main.cpp(3512): warning C4305: 'argument': truncation from 'double' to 'GLfloat'
main.cpp(3513): warning C4305: 'argument': truncation from 'double' to 'GLfloat'
main.cpp(3514): warning C4305: 'argument': truncation from 'double' to 'GLfloat'
main.cpp(3515): warning C4305: 'argument': truncation from 'double' to 'GLfloat'
main.cpp(3516): warning C4305: 'argument': truncation from 'double' to 'GLfloat'
main.cpp(3523): warning C4305: 'argument': truncation from 'double' to 'GLfloat'
main.cpp(3525): warning C4305: 'argument': truncation from 'double' to 'GLfloat'
main.cpp(3526): warning C4305: 'argument': truncation from 'double' to 'GLfloat'
main.cpp(3527): warning C4305: 'argument': truncation from 'double' to 'GLfloat'
main.cpp(3528): warning C4305: 'argument': truncation from 'double' to 'GLfloat'
main.cpp(3529): warning C4305: 'argument': truncation from 'double' to 'GLfloat'
main.cpp(3537): warning C4305: 'argument': truncation from 'double' to 'GLfloat'
main.cpp(3538): warning C4305: 'argument': truncation from 'double' to 'GLfloat'
main.cpp(3539): warning C4305: 'argument': truncation from 'double' to 'GLfloat'
main.cpp(3540): warning C4305: 'argument': truncation from 'double' to 'GLfloat'
main.cpp(3541): warning C4305: 'argument': truncation from 'double' to 'GLfloat'
main.cpp(3552): warning C4305: 'argument': truncation from 'double' to 'GLfloat'
main.cpp(3554): warning C4305: 'argument': truncation from 'double' to 'GLfloat'
main.cpp(3565): warning C4305: 'argument': truncation from 'double' to 'GLfloat'
main.cpp(3567): warning C4305: 'argument': truncation from 'double' to 'GLfloat'
main.cpp(3611): warning C4244: 'argument': conversion from 'GLdouble' to 'GLfloat', possible loss of data
main.cpp(3613): warning C4244: 'argument': conversion from 'GLdouble' to 'GLfloat', possible loss of data
main.cpp(3614): warning C4244: 'argument': conversion from 'GLdouble' to 'GLfloat', possible loss of data
main.cpp(3615): warning C4244: 'argument': conversion from 'GLdouble' to 'GLfloat', possible loss of data
main.cpp(3615): warning C4305: 'argument': truncation from 'double' to 'GLfloat'
main.cpp(3616): warning C4244: 'argument': conversion from 'GLdouble' to 'GLfloat', possible loss of data
main.cpp(3617): warning C4244: 'argument': conversion from 'GLdouble' to 'GLfloat', possible loss of data
main.cpp(3617): warning C4305: 'argument': truncation from 'double' to 'GLfloat'
main.cpp(3623): warning C4244: 'argument': conversion from 'GLdouble' to 'GLfloat', possible loss of data
main.cpp(3625): warning C4244: 'argument': conversion from 'GLdouble' to 'GLfloat', possible loss of data
main.cpp(3626): warning C4244: 'argument': conversion from 'GLdouble' to 'GLfloat', possible loss of data
main.cpp(3627): warning C4244: 'argument': conversion from 'GLdouble' to 'GLfloat', possible loss of data
main.cpp(3627): warning C4305: 'argument': truncation from 'double' to 'GLfloat'
main.cpp(3628): warning C4244: 'argument': conversion from 'GLdouble' to 'GLfloat', possible loss of data
main.cpp(3629): warning C4244: 'argument': conversion from 'GLdouble' to 'GLfloat', possible loss of data
main.cpp(3629): warning C4305: 'argument': truncation from 'double' to 'GLfloat'
main.cpp(3639): warning C4244: 'argument': conversion from 'GLdouble' to 'GLfloat', possible loss of data
main.cpp(3641): warning C4244: 'argument': conversion from 'GLdouble' to 'GLfloat', possible loss of data
main.cpp(3642): warning C4244: 'argument': conversion from 'GLdouble' to 'GLfloat', possible loss of data
main.cpp(3643): warning C4244: 'argument': conversion from 'GLdouble' to 'GLfloat', possible loss of data
main.cpp(3644): warning C4244: 'argument': conversion from 'GLdouble' to 'GLfloat', possible loss of data
main.cpp(3645): warning C4244: 'argument': conversion from 'GLdouble' to 'GLfloat', possible loss of data
main.cpp(3651): warning C4244: 'argument': conversion from 'GLdouble' to 'GLfloat', possible loss of data
main.cpp(3653): warning C4244: 'argument': conversion from 'GLdouble' to 'GLfloat', possible loss of data
main.cpp(3654): warning C4244: 'argument': conversion from 'GLdouble' to 'GLfloat', possible loss of data
main.cpp(3655): warning C4244: 'argument': conversion from 'GLdouble' to 'GLfloat', possible loss of data
main.cpp(3656): warning C4244: 'argument': conversion from 'GLdouble' to 'GLfloat', possible loss of data
main.cpp(3657): warning C4244: 'argument': conversion from 'GLdouble' to 'GLfloat', possible loss of data
main.cpp(3687): warning C4244: 'argument': conversion from 'GLdouble' to 'GLfloat', possible loss of data
main.cpp(3691): warning C4244: 'argument': conversion from 'GLdouble' to 'GLfloat', possible loss of data
main.cpp(3748): warning C4244: 'argument': conversion from 'GLdouble' to 'GLfloat', possible loss of data
main.cpp(3775): warning C4244: 'argument': conversion from 'GLdouble' to 'GLfloat', possible loss of data
main.cpp(3789): warning C4244: 'argument': conversion from 'GLdouble' to 'GLfloat', possible loss of data
main.cpp(3817): warning C4244: 'argument': conversion from 'GLdouble' to 'GLfloat', possible loss of data
main.cpp(3844): warning C4244: 'argument': conversion from 'GLdouble' to 'GLfloat', possible loss of data
main.cpp(3858): warning C4244: 'argument': conversion from 'GLdouble' to 'GLfloat', possible loss of data
main.cpp(4018): warning C4305: 'argument': truncation from 'double' to 'GLfloat'
main.cpp(4052): warning C4244: 'argument': conversion from 'GLdouble' to 'GLfloat', possible loss of data
main.cpp(4083): warning C4244: 'argument': conversion from 'GLdouble' to 'GLfloat', possible loss of data
main.cpp(4126): warning C4305: 'argument': truncation from 'double' to 'GLfloat'
main.cpp(4131): warning C4305: 'argument': truncation from 'double' to 'GLfloat'
main.cpp(3912): warning C4101: 'j': unreferenced local variable
main.cpp(4262): warning C4305: 'argument': truncation from 'double' to 'GLfloat'
main.cpp(4264): warning C4305: 'argument': truncation from 'double' to 'GLfloat'
main.cpp(4265): warning C4305: 'argument': truncation from 'double' to 'GLfloat'
main.cpp(4266): warning C4305: 'argument': truncation from 'double' to 'GLfloat'
main.cpp(4267): warning C4305: 'argument': truncation from 'double' to 'GLfloat'
main.cpp(4274): warning C4305: 'argument': truncation from 'double' to 'GLfloat'
main.cpp(4276): warning C4305: 'argument': truncation from 'double' to 'GLfloat'
main.cpp(4277): warning C4305: 'argument': truncation from 'double' to 'GLfloat'
main.cpp(4278): warning C4305: 'argument': truncation from 'double' to 'GLfloat'
main.cpp(4279): warning C4305: 'argument': truncation from 'double' to 'GLfloat'
main.cpp(4286): warning C4305: 'argument': truncation from 'double' to 'GLfloat'
main.cpp(4288): warning C4305: 'argument': truncation from 'double' to 'GLfloat'
main.cpp(4289): warning C4305: 'argument': truncation from 'double' to 'GLfloat'
main.cpp(4290): warning C4305: 'argument': truncation from 'double' to 'GLfloat'
main.cpp(4291): warning C4305: 'argument': truncation from 'double' to 'GLfloat'
main.cpp(4298): warning C4305: 'argument': truncation from 'double' to 'GLfloat'
main.cpp(4300): warning C4305: 'argument': truncation from 'double' to 'GLfloat'
main.cpp(4301): warning C4305: 'argument': truncation from 'double' to 'GLfloat'
main.cpp(4302): warning C4305: 'argument': truncation from 'double' to 'GLfloat'
main.cpp(4303): warning C4305: 'argument': truncation from 'double' to 'GLfloat'
main.cpp(4312): warning C4305: 'argument': truncation from 'double' to 'GLfloat'
main.cpp(4313): warning C4305: 'argument': truncation from 'double' to 'GLfloat'
main.cpp(4314): warning C4305: 'argument': truncation from 'double' to 'GLfloat'
main.cpp(4315): warning C4305: 'argument': truncation from 'double' to 'GLfloat'
main.cpp(4348): warning C4244: 'argument': conversion from 'GLdouble' to 'GLfloat', possible loss of data
main.cpp(4359): warning C4244: 'argument': conversion from 'GLdouble' to 'GLfloat', possible loss of data
main.cpp(4371): warning C4244: 'argument': conversion from 'GLdouble' to 'GLfloat', possible loss of data
main.cpp(4405): warning C4244: 'argument': conversion from 'GLdouble' to 'GLfloat', possible loss of data
main.cpp(4416): warning C4244: 'argument': conversion from 'GLdouble' to 'GLfloat', possible loss of data
main.cpp(4428): warning C4244: 'argument': conversion from 'GLdouble' to 'GLfloat', possible loss of data
main.cpp(4438): warning C4244: 'argument': conversion from 'GLdouble' to 'GLfloat', possible loss of data
main.cpp(4451): warning C4244: 'argument': conversion from 'GLdouble' to 'GLfloat', possible loss of data
main.cpp(4535): warning C4244: 'argument': conversion from 'GLdouble' to 'GLfloat', possible loss of data
main.cpp(4546): warning C4244: 'argument': conversion from 'GLdouble' to 'GLfloat', possible loss of data
main.cpp(4557): warning C4244: 'argument': conversion from 'GLdouble' to 'GLfloat', possible loss of data
main.cpp(4569): warning C4244: 'argument': conversion from 'GLdouble' to 'GLfloat', possible loss of data
main.cpp(4587): warning C4244: 'argument': conversion from 'GLdouble' to 'GLfloat', possible loss of data
main.cpp(4814): warning C4244: 'argument': conversion from 'double' to 'GLfloat', possible loss of data
main.cpp(4821): warning C4244: 'argument': conversion from 'double' to 'GLfloat', possible loss of data
main.cpp(4828): warning C4244: 'argument': conversion from 'double' to 'GLfloat', possible loss of data
main.cpp(4847): warning C4244: 'argument': conversion from 'double' to 'GLfloat', possible loss of data
main.cpp(4847): warning C4244: 'argument': conversion from 'GLdouble' to 'GLfloat', possible loss of data
main.cpp(4851): warning C4244: 'argument': conversion from 'double' to 'GLfloat', possible loss of data
main.cpp(4851): warning C4244: 'argument': conversion from 'GLdouble' to 'GLfloat', possible loss of data
main.cpp(4867): warning C4244: 'argument': conversion from 'double' to 'GLfloat', possible loss of data
main.cpp(4867): warning C4244: 'argument': conversion from 'GLdouble' to 'GLfloat', possible loss of data
main.cpp(4871): warning C4244: 'argument': conversion from 'double' to 'GLfloat', possible loss of data
main.cpp(4871): warning C4244: 'argument': conversion from 'GLdouble' to 'GLfloat', possible loss of data
main.cpp(4979): warning C4244: 'argument': conversion from 'GLdouble' to 'GLfloat', possible loss of data
main.cpp(4988): warning C4305: 'argument': truncation from 'double' to 'GLfloat'
main.cpp(4995): warning C4305: 'argument': truncation from 'double' to 'GLfloat'
main.cpp(5002): warning C4305: 'argument': truncation from 'double' to 'GLfloat'
main.cpp(5008): warning C4305: 'argument': truncation from 'double' to 'GLfloat'
main.cpp(5009): warning C4305: 'argument': truncation from 'double' to 'GLfloat'
main.cpp(5010): warning C4305: 'argument': truncation from 'double' to 'GLfloat'
main.cpp(5021): warning C4305: 'argument': truncation from 'double' to 'GLfloat'
main.cpp(5028): warning C4305: 'argument': truncation from 'double' to 'GLfloat'
main.cpp(5035): warning C4305: 'argument': truncation from 'double' to 'GLfloat'
main.cpp(5041): warning C4305: 'argument': truncation from 'double' to 'GLfloat'
main.cpp(5042): warning C4305: 'argument': truncation from 'double' to 'GLfloat'
main.cpp(5043): warning C4305: 'argument': truncation from 'double' to 'GLfloat'
main.cpp(5055): warning C4244: 'argument': conversion from 'double' to 'const int', possible loss of data
main.cpp(5056): warning C4244: 'argument': conversion from 'double' to 'const int', possible loss of data
main.cpp(5058): warning C4244: 'argument': conversion from 'double' to 'const int', possible loss of data
main.cpp(5059): warning C4244: 'argument': conversion from 'double' to 'const int', possible loss of data
main.cpp(5061): warning C4244: 'argument': conversion from 'double' to 'const int', possible loss of data
main.cpp(5062): warning C4244: 'argument': conversion from 'double' to 'const int', possible loss of data
main.cpp(5064): warning C4244: 'argument': conversion from 'double' to 'const int', possible loss of data
main.cpp(5065): warning C4244: 'argument': conversion from 'double' to 'const int', possible loss of data
main.cpp(5067): warning C4244: 'argument': conversion from 'double' to 'const int', possible loss of data
main.cpp(5068): warning C4244: 'argument': conversion from 'double' to 'const int', possible loss of data
main.cpp(5073): warning C4244: 'argument': conversion from 'double' to 'const int', possible loss of data
main.cpp(5078): warning C4244: 'argument': conversion from 'double' to 'const int', possible loss of data
main.cpp(5083): warning C4244: 'argument': conversion from 'double' to 'const int', possible loss of data
main.cpp(5089): warning C4244: 'argument': conversion from 'double' to 'const int', possible loss of data
main.cpp(5091): warning C4244: 'argument': conversion from 'double' to 'const int', possible loss of data
main.cpp(5092): warning C4244: 'argument': conversion from 'double' to 'const int', possible loss of data
main.cpp(5093): warning C4244: 'argument': conversion from 'double' to 'const int', possible loss of data
main.cpp(5094): warning C4244: 'argument': conversion from 'double' to 'const int', possible loss of data
main.cpp(5095): warning C4244: 'argument': conversion from 'double' to 'const int', possible loss of data
main.cpp(5096): warning C4244: 'argument': conversion from 'double' to 'const int', possible loss of data
main.cpp(5097): warning C4244: 'argument': conversion from 'double' to 'const int', possible loss of data
main.cpp(5098): warning C4244: 'argument': conversion from 'double' to 'const int', possible loss of data
main.cpp(5099): warning C4244: 'argument': conversion from 'double' to 'const int', possible loss of data
main.cpp(5100): warning C4244: 'argument': conversion from 'double' to 'const int', possible loss of data
main.cpp(5101): warning C4244: 'argument': conversion from 'double' to 'const int', possible loss of data
  EasySound.cpp
EasySound.cpp(80): warning C4018: '>': signed/unsigned mismatch
  collision.cpp
  cameraMap.cpp
cameraMap.cpp(29): warning C4244: 'argument': conversion from 'const int' to 'GLfloat', possible loss of data
cameraMap.cpp(36): warning C4244: 'argument': conversion from 'double' to 'GLfloat', possible loss of data
cameraMap.cpp(37): warning C4244: 'argument': conversion from 'double' to 'GLfloat', possible loss of data
cameraMap.cpp(38): warning C4244: 'argument': conversion from 'double' to 'GLfloat', possible loss of data
cameraMap.cpp(39): warning C4244: 'argument': conversion from 'double' to 'GLfloat', possible loss of data
cameraMap.cpp(67): warning C4244: 'argument': conversion from 'double' to 'GLfloat', possible loss of data
cameraMap.cpp(99): warning C4244: 'argument': conversion from 'double' to 'GLfloat', possible loss of data
  camera.cpp
camera.cpp(200): warning C4244: 'argument': conversion from 'GLdouble' to 'const int', possible loss of data
camera.cpp(211): warning C4244: 'argument': conversion from 'GLdouble' to 'const int', possible loss of data
camera.cpp(242): warning C4244: 'argument': conversion from 'GLdouble' to 'const int', possible loss of data
camera.cpp(252): warning C4244: 'argument': conversion from 'GLdouble' to 'const int', possible loss of data
  AABBNode.cpp
  AABBLinkedList.cpp
  AABB.CPP
  Generating Code...
  DisplayWorld.cpp
  houses.vcxproj -> C:\Users\chris\Documents\GitHub\ICT290-Group-Project\CAMPUS TOUR\.\Debug\houses.exe
  houses.vcxproj -> .\Debug\houses.pdb (Full PDB)
