c:\000uniwork\ict290 games programming try 2\exercise 1\campus tour\debug\houses.bsc
c:\users\chris\documents\github\ict290-group-project\sdl2-devel-2.0.5-vc\campus tour\debug\houses.bsc
c:\000uniwork\ict290 games programming try 2\exercise 1\campus tour\debug\vc140.pdb
c:\000uniwork\ict290 games programming try 2\exercise 1\campus tour\debug\vc140.idb
c:\000uniwork\ict290 games programming try 2\exercise 1\campus tour\debug\texturedpolygons.sbr
c:\000uniwork\ict290 games programming try 2\exercise 1\campus tour\debug\soundtime.sbr
c:\000uniwork\ict290 games programming try 2\exercise 1\campus tour\debug\sound.sbr
c:\000uniwork\ict290 games programming try 2\exercise 1\campus tour\debug\plainnode.sbr
c:\000uniwork\ict290 games programming try 2\exercise 1\campus tour\debug\plainlinkedlist.sbr
c:\000uniwork\ict290 games programming try 2\exercise 1\campus tour\debug\main.sbr
c:\000uniwork\ict290 games programming try 2\exercise 1\campus tour\debug\easysound.sbr
c:\000uniwork\ict290 games programming try 2\exercise 1\campus tour\debug\collision.sbr
c:\000uniwork\ict290 games programming try 2\exercise 1\campus tour\debug\cameramap.sbr
c:\000uniwork\ict290 games programming try 2\exercise 1\campus tour\debug\camera.sbr
c:\000uniwork\ict290 games programming try 2\exercise 1\campus tour\debug\aabbnode.sbr
c:\000uniwork\ict290 games programming try 2\exercise 1\campus tour\debug\aabblinkedlist.sbr
c:\000uniwork\ict290 games programming try 2\exercise 1\campus tour\debug\aabb.sbr
c:\000uniwork\ict290 games programming try 2\exercise 1\campus tour\debug\aabb.obj
c:\000uniwork\ict290 games programming try 2\exercise 1\campus tour\debug\aabblinkedlist.obj
c:\000uniwork\ict290 games programming try 2\exercise 1\campus tour\debug\aabbnode.obj
c:\000uniwork\ict290 games programming try 2\exercise 1\campus tour\debug\camera.obj
c:\000uniwork\ict290 games programming try 2\exercise 1\campus tour\debug\cameramap.obj
c:\000uniwork\ict290 games programming try 2\exercise 1\campus tour\debug\collision.obj
c:\000uniwork\ict290 games programming try 2\exercise 1\campus tour\debug\easysound.obj
c:\000uniwork\ict290 games programming try 2\exercise 1\campus tour\debug\main.obj
c:\000uniwork\ict290 games programming try 2\exercise 1\campus tour\debug\plainlinkedlist.obj
c:\000uniwork\ict290 games programming try 2\exercise 1\campus tour\debug\plainnode.obj
c:\000uniwork\ict290 games programming try 2\exercise 1\campus tour\debug\sound.obj
c:\000uniwork\ict290 games programming try 2\exercise 1\campus tour\debug\soundtime.obj
c:\000uniwork\ict290 games programming try 2\exercise 1\campus tour\debug\texturedpolygons.obj
c:\000uniwork\ict290 games programming try 2\exercise 1\campus tour\debug\displayworld.sbr
c:\000uniwork\ict290 games programming try 2\exercise 1\campus tour\debug\displayworld.obj
c:\users\chris\documents\github\ict290-group-project\sdl2-devel-2.0.5-vc\campus tour\debug\vc140.pdb
c:\users\chris\documents\github\ict290-group-project\sdl2-devel-2.0.5-vc\campus tour\debug\vc140.idb
c:\users\chris\documents\github\ict290-group-project\sdl2-devel-2.0.5-vc\campus tour\debug\texturedpolygons.sbr
c:\users\chris\documents\github\ict290-group-project\sdl2-devel-2.0.5-vc\campus tour\debug\soundtime.sbr
c:\users\chris\documents\github\ict290-group-project\sdl2-devel-2.0.5-vc\campus tour\debug\sound.sbr
c:\users\chris\documents\github\ict290-group-project\sdl2-devel-2.0.5-vc\campus tour\debug\plainnode.sbr
c:\users\chris\documents\github\ict290-group-project\sdl2-devel-2.0.5-vc\campus tour\debug\plainlinkedlist.sbr
c:\users\chris\documents\github\ict290-group-project\sdl2-devel-2.0.5-vc\campus tour\debug\main.sbr
c:\users\chris\documents\github\ict290-group-project\sdl2-devel-2.0.5-vc\campus tour\debug\easysound.sbr
c:\users\chris\documents\github\ict290-group-project\sdl2-devel-2.0.5-vc\campus tour\debug\collision.sbr
c:\users\chris\documents\github\ict290-group-project\sdl2-devel-2.0.5-vc\campus tour\debug\cameramap.sbr
c:\users\chris\documents\github\ict290-group-project\sdl2-devel-2.0.5-vc\campus tour\debug\camera.sbr
c:\users\chris\documents\github\ict290-group-project\sdl2-devel-2.0.5-vc\campus tour\debug\aabbnode.sbr
c:\users\chris\documents\github\ict290-group-project\sdl2-devel-2.0.5-vc\campus tour\debug\aabblinkedlist.sbr
c:\users\chris\documents\github\ict290-group-project\sdl2-devel-2.0.5-vc\campus tour\debug\aabb.sbr
c:\users\chris\documents\github\ict290-group-project\sdl2-devel-2.0.5-vc\campus tour\debug\aabb.obj
c:\users\chris\documents\github\ict290-group-project\sdl2-devel-2.0.5-vc\campus tour\debug\aabblinkedlist.obj
c:\users\chris\documents\github\ict290-group-project\sdl2-devel-2.0.5-vc\campus tour\debug\aabbnode.obj
c:\users\chris\documents\github\ict290-group-project\sdl2-devel-2.0.5-vc\campus tour\debug\camera.obj
c:\users\chris\documents\github\ict290-group-project\sdl2-devel-2.0.5-vc\campus tour\debug\cameramap.obj
c:\users\chris\documents\github\ict290-group-project\sdl2-devel-2.0.5-vc\campus tour\debug\collision.obj
c:\users\chris\documents\github\ict290-group-project\sdl2-devel-2.0.5-vc\campus tour\debug\easysound.obj
c:\users\chris\documents\github\ict290-group-project\sdl2-devel-2.0.5-vc\campus tour\debug\main.obj
c:\users\chris\documents\github\ict290-group-project\sdl2-devel-2.0.5-vc\campus tour\debug\plainlinkedlist.obj
c:\users\chris\documents\github\ict290-group-project\sdl2-devel-2.0.5-vc\campus tour\debug\plainnode.obj
c:\users\chris\documents\github\ict290-group-project\sdl2-devel-2.0.5-vc\campus tour\debug\sound.obj
c:\users\chris\documents\github\ict290-group-project\sdl2-devel-2.0.5-vc\campus tour\debug\soundtime.obj
c:\users\chris\documents\github\ict290-group-project\sdl2-devel-2.0.5-vc\campus tour\debug\texturedpolygons.obj
c:\users\chris\documents\github\ict290-group-project\sdl2-devel-2.0.5-vc\campus tour\debug\displayworld.sbr
c:\users\chris\documents\github\ict290-group-project\sdl2-devel-2.0.5-vc\campus tour\debug\display.sbr
c:\000uniwork\ict290 games programming try 2\exercise 1\campus tour\debug\houses.ilk
c:\000uniwork\ict290 games programming try 2\exercise 1\campus tour\debug\houses.exe
c:\000uniwork\ict290 games programming try 2\exercise 1\campus tour\debug\houses.pdb
c:\users\chris\documents\github\ict290-group-project\sdl2-devel-2.0.5-vc\campus tour\debug\houses.pdb
c:\users\chris\documents\github\ict290-group-project\sdl2-devel-2.0.5-vc\campus tour\debug\houses.tlog\bscmake.command.1.tlog
c:\users\chris\documents\github\ict290-group-project\sdl2-devel-2.0.5-vc\campus tour\debug\houses.tlog\bscmake.read.1.tlog
c:\users\chris\documents\github\ict290-group-project\sdl2-devel-2.0.5-vc\campus tour\debug\houses.tlog\bscmake.write.1.tlog
c:\users\chris\documents\github\ict290-group-project\sdl2-devel-2.0.5-vc\campus tour\debug\houses.tlog\cl.command.1.tlog
c:\users\chris\documents\github\ict290-group-project\sdl2-devel-2.0.5-vc\campus tour\debug\houses.tlog\cl.read.1.tlog
c:\users\chris\documents\github\ict290-group-project\sdl2-devel-2.0.5-vc\campus tour\debug\houses.tlog\cl.write.1.tlog
c:\users\chris\documents\github\ict290-group-project\sdl2-devel-2.0.5-vc\campus tour\debug\houses.tlog\link.17484-cvtres.read.1.tlog
c:\users\chris\documents\github\ict290-group-project\sdl2-devel-2.0.5-vc\campus tour\debug\houses.tlog\link.17484-cvtres.write.1.tlog
c:\users\chris\documents\github\ict290-group-project\sdl2-devel-2.0.5-vc\campus tour\debug\houses.tlog\link.17484-rc.read.1.tlog
c:\users\chris\documents\github\ict290-group-project\sdl2-devel-2.0.5-vc\campus tour\debug\houses.tlog\link.17484-rc.write.1.tlog
c:\users\chris\documents\github\ict290-group-project\sdl2-devel-2.0.5-vc\campus tour\debug\houses.tlog\link.17484.read.1.tlog
c:\users\chris\documents\github\ict290-group-project\sdl2-devel-2.0.5-vc\campus tour\debug\houses.tlog\link.17484.write.1.tlog
c:\users\chris\documents\github\ict290-group-project\sdl2-devel-2.0.5-vc\campus tour\debug\houses.tlog\link.command.1.tlog
c:\users\chris\documents\github\ict290-group-project\sdl2-devel-2.0.5-vc\campus tour\debug\houses.tlog\link.read.1.tlog
c:\users\chris\documents\github\ict290-group-project\sdl2-devel-2.0.5-vc\campus tour\debug\houses.tlog\link.write.1.tlog
